<?xml version="1.0" encoding="UTF-8"?>
<!-- Generated by org.testng.reporters.JUnitReportReporter -->
<testsuite hostname="DESKTOP-78MKMIT" failures="0" tests="1" name="Loginpage" time="3.952" errors="0" timestamp="2023-05-25T19:32:25 IST" skipped="0">
  <testcase classname="Loginpage" name="login" time="3.952"/>
  <system-out/>
</testsuite> <!-- Loginpage -->
